
> wiki@0.0.0 build
> docusaurus build


 ------------------------------------------------------------------------------                                                                                                         Update available 3.9.2 → 3.10.0                                                                                                                 To upgrade Docusaurus packages with the latest version, run the                                       following command:                                        `npm i @docusaurus/core@latest @docusaurus/preset-classic@latest                @docusaurus/module-type-aliases@latest @docusaurus/types@latest`                                                                                         ------------------------------------------------------------------------------ 

[INFO] [vi] Creating an optimized production build...
[90m[[90mwebpackbar[90m][39m [36mℹ[39m Compiling Client
[90m[[90mwebpackbar[90m][39m [36mℹ[39m Compiling Server
[90m[[90mwebpackbar[90m][39m [32m✔[39m Server: Compiled with some errors in 1.15s
<w> [webpack.cache.PackFileCacheStrategy] Skipped not serializable cache item 'Compilation/modules|C:\Users\Heavietnam\Desktop\Dự án kiến lửa\wiki\node_modules\@docusaurus\mdx-loader\lib\index.js??ruleSet[1].rules[8].use[0]!C:\Users\Heavietnam\Desktop\Dự án kiến lửa\wiki\docs\08-vat-ly-ket-be.md': No serializer registered for VFileMessage
<w> while serializing webpack/lib/cache/PackFileCacheStrategy.PackContentItems -> webpack/lib/NormalModule -> webpack/lib/ModuleBuildError -> Error -> VFileMessage
[90m[[90mwebpackbar[90m][39m [32m✔[39m Client: Compiled with some errors in 7.32s
[ERROR] Client bundle compiled with errors therefore further build is impossible.
Error: MDX compilation failed for file "C:\Users\Heavietnam\Desktop\Dự án kiến lửa\wiki\docs\08-vat-ly-ket-be.md"
Cause: Could not parse expression with acorn
Details:
{
  "cause": {
    "pos": 9926,
    "loc": {
      "line": 104,
      "column": 21
    },
    "raisedAt": 2
  },
  "column": 22,
  "file": "",
  "message": "Could not parse expression with acorn",
  "line": 104,
  "name": "104:22",
  "place": {
    "line": 104,
    "column": 22,
    "offset": 9926
  },
  "reason": "Could not parse expression with acorn",
  "ruleId": "acorn",
  "source": "micromark-extension-mdx-expression",
  "url": "https://github.com/micromark/micromark-extension-mdx-expression/tree/main/packages/micromark-extension-mdx-expression#could-not-parse-expression-with-acorn"
}
